<?xml version="1.0" encoding="UTF-8"?>
<!-- Generated by org.testng.reporters.JUnitReportReporter -->
<testsuite hostname="LTIN248952" failures="0" tests="9" name="testCases.TC_002_CarInsuranceTest" time="28.886" errors="0" timestamp="2024-02-29T15:37:04 IST" skipped="0">
  <testcase classname="testCases.TC_002_CarInsuranceTest" name="test_HomePage" time="15.723"/>
  <system-out/>
  <testcase classname="testCases.TC_002_CarInsuranceTest" name="test_carQuote" time="9.093"/>
  <system-out/>
  <testcase classname="testCases.TC_002_CarInsuranceTest" name="test_carCityAndRto" time="0.582"/>
  <system-out/>
  <testcase classname="testCases.TC_002_CarInsuranceTest" name="test_carBrand" time="0.496"/>
  <system-out/>
  <testcase classname="testCases.TC_002_CarInsuranceTest" name="test_carModel" time="0.427"/>
  <system-out/>
  <testcase classname="testCases.TC_002_CarInsuranceTest" name="test_carFuelType" time="0.441"/>
  <system-out/>
  <testcase classname="testCases.TC_002_CarInsuranceTest" name="test_carVariant" time="0.287"/>
  <system-out/>
  <testcase classname="testCases.TC_002_CarInsuranceTest" name="test_userDetails" time="1.738"/>
  <system-out/>
  <testcase classname="testCases.TC_002_CarInsuranceTest" name="test_captureErrorMsg" time="0.099"/>
  <system-out/>
</testsuite> <!-- testCases.TC_002_CarInsuranceTest -->
