<?xml version="1.0" encoding="UTF-8"?>
<!-- Generated by org.testng.reporters.JUnitReportReporter -->
<testsuite hostname="LTIN248952" failures="0" tests="1" name="testCases.TC_003_HealthInsuranceTest" time="11.107" errors="0" timestamp="2024-02-29T16:29:35 IST" skipped="0">
  <testcase classname="testCases.TC_003_HealthInsuranceTest" name="test_MenuItems" time="11.107"/>
</testsuite> <!-- testCases.TC_003_HealthInsuranceTest -->
