<?xml version="1.0" encoding="UTF-8"?>
<!-- Generated by org.testng.reporters.JUnitReportReporter -->
<testsuite hostname="LTIN248952" failures="0" tests="9" name="testCases.TC_002_CarInsuranceTest" time="12.769" errors="0" timestamp="2024-02-29T16:29:35 IST" skipped="0">
  <testcase classname="testCases.TC_002_CarInsuranceTest" name="test_HomePage" time="4.603"/>
  <testcase classname="testCases.TC_002_CarInsuranceTest" name="test_carQuote" time="4.432"/>
  <testcase classname="testCases.TC_002_CarInsuranceTest" name="test_carCityAndRto" time="0.349"/>
  <testcase classname="testCases.TC_002_CarInsuranceTest" name="test_carBrand" time="0.182"/>
  <testcase classname="testCases.TC_002_CarInsuranceTest" name="test_carModel" time="0.310"/>
  <testcase classname="testCases.TC_002_CarInsuranceTest" name="test_carFuelType" time="0.329"/>
  <testcase classname="testCases.TC_002_CarInsuranceTest" name="test_carVariant" time="0.219"/>
  <testcase classname="testCases.TC_002_CarInsuranceTest" name="test_userDetails" time="2.287"/>
  <testcase classname="testCases.TC_002_CarInsuranceTest" name="test_captureErrorMsg" time="0.058"/>
</testsuite> <!-- testCases.TC_002_CarInsuranceTest -->
