<?xml version="1.0" encoding="UTF-8"?>
<!-- Generated by org.testng.reporters.JUnitReportReporter -->
<testsuite hostname="LTIN248952" failures="0" tests="8" name="testCases.TC_001_TravelInsuranceTest" time="40.369" errors="0" timestamp="2024-02-29T16:29:35 IST" skipped="0">
  <testcase classname="testCases.TC_001_TravelInsuranceTest" name="test_HomePage" time="1.360"/>
  <testcase classname="testCases.TC_001_TravelInsuranceTest" name="test_Destinations" time="4.442"/>
  <testcase classname="testCases.TC_001_TravelInsuranceTest" name="test_TripDate" time="7.740"/>
  <testcase classname="testCases.TC_001_TravelInsuranceTest" name="test_Travellers" time="8.219"/>
  <testcase classname="testCases.TC_001_TravelInsuranceTest" name="test_MedicalHistory" time="0.486"/>
  <testcase classname="testCases.TC_001_TravelInsuranceTest" name="test_contactDetails" time="1.663"/>
  <testcase classname="testCases.TC_001_TravelInsuranceTest" name="test_StudentPlans" time="12.134"/>
  <testcase classname="testCases.TC_001_TravelInsuranceTest" name="test_DisplayTravelInsurance" time="4.325"/>
</testsuite> <!-- testCases.TC_001_TravelInsuranceTest -->
